<?xml version="1.0" encoding="UTF-8"?>
<!-- Generated by org.testng.reporters.JUnitReportReporter -->
<testsuite hostname="turing" name="storm.starter.bolt.TotalRankingsBoltTest" tests="22" failures="0" timestamp="3 Feb 2015 21:10:30 GMT" time="0.028" errors="0">
  <testcase name="shouldSetTickTupleFrequencyInComponentConfigurationToNonZeroValue" time="0.000" classname="storm.starter.bolt.TotalRankingsBoltTest"/>
  <testcase name="negativeOrZeroTopNShouldThrowIAE" time="0.000" classname="storm.starter.bolt.TotalRankingsBoltTest"/>
  <testcase name="negativeOrZeroEmitFrequencyShouldThrowIAE" time="0.002" classname="storm.starter.bolt.TotalRankingsBoltTest"/>
  <testcase name="negativeOrZeroEmitFrequencyShouldThrowIAE" time="0.000" classname="storm.starter.bolt.TotalRankingsBoltTest"/>
  <testcase name="negativeOrZeroTopNShouldThrowIAE" time="0.000" classname="storm.starter.bolt.TotalRankingsBoltTest"/>
  <testcase name="positiveEmitFrequencyShouldBeOk" time="0.000" classname="storm.starter.bolt.TotalRankingsBoltTest"/>
  <testcase name="positiveEmitFrequencyShouldBeOk" time="0.001" classname="storm.starter.bolt.TotalRankingsBoltTest"/>
  <testcase name="positiveEmitFrequencyShouldBeOk" time="0.000" classname="storm.starter.bolt.TotalRankingsBoltTest"/>
  <testcase name="negativeOrZeroTopNShouldThrowIAE" time="0.000" classname="storm.starter.bolt.TotalRankingsBoltTest"/>
  <testcase name="positiveTopNShouldBeOk" time="0.000" classname="storm.starter.bolt.TotalRankingsBoltTest"/>
  <testcase name="negativeOrZeroEmitFrequencyShouldThrowIAE" time="0.000" classname="storm.starter.bolt.TotalRankingsBoltTest"/>
  <testcase name="positiveTopNShouldBeOk" time="0.000" classname="storm.starter.bolt.TotalRankingsBoltTest"/>
  <testcase name="negativeOrZeroTopNShouldThrowIAE" time="0.000" classname="storm.starter.bolt.TotalRankingsBoltTest"/>
  <testcase name="negativeOrZeroTopNShouldThrowIAE" time="0.000" classname="storm.starter.bolt.TotalRankingsBoltTest"/>
  <testcase name="shouldEmitSomethingIfTickTupleIsReceived" time="0.004" classname="storm.starter.bolt.TotalRankingsBoltTest"/>
  <testcase name="positiveTopNShouldBeOk" time="0.004" classname="storm.starter.bolt.TotalRankingsBoltTest"/>
  <testcase name="negativeOrZeroEmitFrequencyShouldThrowIAE" time="0.004" classname="storm.starter.bolt.TotalRankingsBoltTest"/>
  <testcase name="shouldDeclareOutputFields" time="0.000" classname="storm.starter.bolt.TotalRankingsBoltTest"/>
  <testcase name="shouldEmitNothingIfNormalTupleIsReceived" time="0.013" classname="storm.starter.bolt.TotalRankingsBoltTest"/>
  <testcase name="negativeOrZeroEmitFrequencyShouldThrowIAE" time="0.000" classname="storm.starter.bolt.TotalRankingsBoltTest"/>
  <testcase name="positiveTopNShouldBeOk" time="0.000" classname="storm.starter.bolt.TotalRankingsBoltTest"/>
  <testcase name="positiveEmitFrequencyShouldBeOk" time="0.000" classname="storm.starter.bolt.TotalRankingsBoltTest"/>
</testsuite> <!-- storm.starter.bolt.TotalRankingsBoltTest -->
